>>>>>>>>>>>>>>>>>>>>>>>>>>>>
2022 Jan 26 (Wed):  13:31:49
>>>>>>>>>>>>>>>>>>>>>>>>>>>>

======================================================
 - pinning rule in use   : PINNING_RULE_MCALC_SKIP_ALL
 - desired group         : 0, sockets = 0
 - num cores available   : 4
 - num accessible procs          : 4
 - num logical procs             : 4
 - affinity (main thread)        : 11 11 
 - sockets                       : 0
 - potential cores               : 0,2
 - affinity                      : 11
 - active cores          : 0,2
 - hyperthreading        : on
 - allowed core ids      : 0,2
 - allowed core ids (aff): 10 10 
 - used mask (string)    : 10 10 
======================================================

Version: 2021.1 Release from 2020-11-10 (change 826605) [Release]
Started @ 2022 Jan 26 (Wed):  13:31:49
Workflow: Port plane extraction
Operation: [acis, pba, bg, port-extract]
Architecture: Windows, ID: AMD64
System Windows-64bit
Using processor group 0/1
HEX Mesh information:
[Global mesh]
	global O(0 0 0) 	global S(119 127 25) Z(377824)
===============================
Port preparation
Version 2021.1 (build 20201110)
PBA version 2020111021
Sub-Workflow: Port-Extraction
Workflow updated: -
2022 Jan 26 (Wed):  13:31:49
===============================

==========================
Finished port preparation.
==========================

<<<<<<<<<<<<<<<<<<<<<<<<<<<<<<<<<<<<<<<<<<<<
2022 Jan 26 (Wed):  13:31:49
Resource usage for extracting port geometry:
<<<<<<<<<<<<<<<<<<<<<<<<<<<<<<<<<<<<<<<<<<<<

>>>>>>>>>>>>>>>>>>>>>>>>>>>>
2022 Jan 26 (Wed):  13:31:51
>>>>>>>>>>>>>>>>>>>>>>>>>>>>

======================================================
 - pinning rule in use   : PINNING_RULE_MCALC_SKIP_ALL
 - desired group         : 0, sockets = 0
 - num cores available   : 4
 - num accessible procs          : 4
 - num logical procs             : 4
 - affinity (main thread)        : 11 11 
 - sockets                       : 0
 - potential cores               : 0,2
 - affinity                      : 11
 - active cores          : 0,2
 - hyperthreading        : on
 - allowed core ids      : 0,2
 - allowed core ids (aff): 10 10 
 - used mask (string)    : 10 10 
======================================================

Version: 2021.1 Release from 2020-11-10 (change 826605) [Release]
Started @ 2022 Jan 26 (Wed):  13:31:51
Workflow: PBA matrix coefficients
Operation: [acis, fpba, meshfill, bg, port-path, port-domain, tst, tst-nextgen, coeff, surface-imp]
Architecture: Windows, ID: AMD64
System Windows-64bit
Using processor group 0/1
HEX Mesh information:
[Global mesh]
	global O(0 0 0) 	global S(7 7 4) Z(195)
===============================
Matrix computation (PBA)
	[PBA version: default]
Version 2021.1 (build 20201110)
PBA version 2020111021
Sub-Workflow: FARM-1x1-TST2
Workflow updated: -
2022 Jan 26 (Wed):  13:31:51
===============================

----------------------------------------------
Used point accuracy enhancement value: 75.00%.
----------------------------------------------

==========================================================================================================================================================================================
== CST Matrix Calculation Priority Log                                                                                                                                                  ==
==========================================================================================================================================================================================
 
Priorities are sorted in ascending order beginning with the lowest priority
 
Priority-group:   1, shape   4: </cst/Boundaries/> Low^X,   material: $NFSMaterial$,  user-priority: 0,  material-attributes: normal.vacuum,  shape-attributes: boundary,   
Priority-group:   1, shape   5: </cst/Boundaries/> Low^Y,   material: $NFSMaterial$,  user-priority: 0,  material-attributes: normal.vacuum,  shape-attributes: boundary,   
Priority-group:   1, shape   6: </cst/Boundaries/> Low^Z,   material: $NFSMaterial$,  user-priority: 0,  material-attributes: normal.vacuum,  shape-attributes: boundary,   
Priority-group:   1, shape   7: </cst/Boundaries/> Up^X,    material: $NFSMaterial$,  user-priority: 0,  material-attributes: normal.vacuum,  shape-attributes: boundary,   
Priority-group:   1, shape   8: </cst/Boundaries/> Up^Y,    material: $NFSMaterial$,  user-priority: 0,  material-attributes: normal.vacuum,  shape-attributes: boundary,   
Priority-group:   1, shape   9: </cst/Boundaries/> Up^Z,    material: $NFSMaterial$,  user-priority: 0,  material-attributes: normal.vacuum,  shape-attributes: boundary,   
Priority-group:   2, shape   1: component1:Axileair__1_0,   material: Air,    user-priority: 0,  2D/3D-geometry: true, material-attributes: normal.rho, shape-attributes: solid,  
Priority-group:   3, shape   2: component1:Axileouter__1_0, material: PEC,    user-priority: 0,  2D/3D-geometry: true, material-attributes: pec,    shape-attributes: solid,  
Priority-group:   3, shape   3: component1:Axileouter__1_0 (Lump 2),    material: PEC,    user-priority: 0,  2D/3D-geometry: true, material-attributes: pec,    shape-attributes: solid,  
 
==========================================================================================================================================================================================
 
================================================================================================
General settings
	PBA version: default
------------------------------------------------------------------------------------------------
Geometry processor:default
	Geo accuracy: 75.000000
	PEC background is represented by CAD geometry: false
	Watertightness check: true
	Self intersection check: false
	Inheritance (all): false
	Normal dominance (all): false
	Normal dominance (ports): false
	Flanges hollow: true
	One shape per flange: false
------------------------------------------------------------------------------------------------
Connectivity settings
	Workflow selection: 0
	Workflow version: 20180101
	Gap detection: true
	Gap detection version: 2
	TST version: 2
	QQ workflow: true
	CoCo workflow: true
	Legacy topology: false
	Connectivity check: false
------------------------------------------------------------------------------------------------
Geometry processing log
	no entries
================================================================================================
FARM allocation scheme: BBM
Gap-Detection activated for FARM-topology. Gaps are resolved, even partially.: gap tolerance value is 0.001 and mesh geometry scale is 0.001

Port homogenization method: M2H point index deviation
ccccccccccccccccccccccccccccccccccccccccccccccccccccccccccccccccccccc
FARM/Meshfill cache is set to 8 (local FI domains: 1, dynamic: false)
ccccccccccccccccccccccccccccccccccccccccccccccccccccccccccccccccccccc

=============================================================
Hex cell analyzer settings:
	max number of E fields per mesh edge: 2
	max number of H fields per mesh face: 4
	supporting dual grid: false
	performance improvement: ROI limit: true
	performance improvement: ROI threshold: 2
	performance improvement: single topology extraction: true
	performance improvement: pre-categorize cell volume: true
	periodic align: 0
	periodic cells: true
	homogenization version: pid
=============================================================

--------------------------------------
Glued 0 metal grid points in port area
--------------------------------------

-------------------------------------------------------------
Background artefacts have been removed for waveguide port "1"
-------------------------------------------------------------

------------------------------------------------------------------------------
+++++++++++++++++++++++++++++++++++++++++++++++++++++
settings for port mode calculation
+++++++++++++++++++++++++++++++++++++++++++++++++++++
PBA fill limit is applied in inverse mode.
PBA fill limit is applied on faces filled with at least 99.00% metal material.
--------------------------------------------------------------
detailed accuracy settings:
--------------------------------------------------------------
augmented fill limit:       true
augmented fill limit value: 99.00
automatic fill limit:       true
early fill limit:           true
inverse fill limit:         true
model complexity:           0.00
legacy 2015:                false
fixed point accuracy:       false
minimum point accuracy:     0
mesh step inheritance:      false
accuracy mode:              
------------------------------------------------------------------------------

--------------------------------------
Glued 0 metal grid points in port area
--------------------------------------

=================================
Finished matrix computation (PBA)
=================================

<<<<<<<<<<<<<<<<<<<<<<<<<<<<<<<<<<<<<<<<<<<<<<<<<<<<<<<<
2022 Jan 26 (Wed):  13:31:53
Resource usage for calculating matrix coefficients:
	Runtime                                 2.59 seconds
	Peak Memory Usage:                        25 MB
<<<<<<<<<<<<<<<<<<<<<<<<<<<<<<<<<<<<<<<<<<<<<<<<<<<<<<<<

--------------------------------
# of staircase filled cells: 0
# of staircase filled areas: 0
# of staircase filled edges: 0
# of faces above fill limit: 0
# of edges with FPBA topology: 0
--------------------------------

>>>>>>>>>>>>>>>>>>>>>>>>>>>>
2022 Jan 26 (Wed):  13:32:00
>>>>>>>>>>>>>>>>>>>>>>>>>>>>

======================================================
 - pinning rule in use   : PINNING_RULE_MCALC_SKIP_ALL
 - desired group         : 0, sockets = 0
 - num cores available   : 4
 - num accessible procs          : 4
 - num logical procs             : 4
 - affinity (main thread)        : 11 11 
 - sockets                       : 0
 - potential cores               : 0,2
 - affinity                      : 11
 - active cores          : 0,2
 - hyperthreading        : on
 - allowed core ids      : 0,2
 - allowed core ids (aff): 10 10 
 - used mask (string)    : 10 10 
======================================================

Version: 2021.1 Release from 2020-11-10 (change 826605) [Release]
Started @ 2022 Jan 26 (Wed):  13:32:00
Workflow: PBA matrix coefficients
Operation: [acis, fpba, meshfill, bg, port-path, port-domain, tst, tst-nextgen, coeff, surface-imp]
Architecture: Windows, ID: AMD64
System Windows-64bit
Using processor group 0/1
HEX Mesh information:
[Global mesh]
	global O(0 0 0) 	global S(11 11 4) Z(483)
===============================
Matrix computation (PBA)
	[PBA version: default]
Version 2021.1 (build 20201110)
PBA version 2020111021
Sub-Workflow: FARM-1x1-TST2
Workflow updated: -
2022 Jan 26 (Wed):  13:32:00
===============================

----------------------------------------------
Used point accuracy enhancement value: 75.00%.
----------------------------------------------

==========================================================================================================================================================================================
== CST Matrix Calculation Priority Log                                                                                                                                                  ==
==========================================================================================================================================================================================
 
Priorities are sorted in ascending order beginning with the lowest priority
 
Priority-group:   1, shape   4: </cst/Boundaries/> Low^X,   material: $NFSMaterial$,  user-priority: 0,  material-attributes: normal.vacuum,  shape-attributes: boundary,   
Priority-group:   1, shape   5: </cst/Boundaries/> Low^Y,   material: $NFSMaterial$,  user-priority: 0,  material-attributes: normal.vacuum,  shape-attributes: boundary,   
Priority-group:   1, shape   6: </cst/Boundaries/> Low^Z,   material: $NFSMaterial$,  user-priority: 0,  material-attributes: normal.vacuum,  shape-attributes: boundary,   
Priority-group:   1, shape   7: </cst/Boundaries/> Up^X,    material: $NFSMaterial$,  user-priority: 0,  material-attributes: normal.vacuum,  shape-attributes: boundary,   
Priority-group:   1, shape   8: </cst/Boundaries/> Up^Y,    material: $NFSMaterial$,  user-priority: 0,  material-attributes: normal.vacuum,  shape-attributes: boundary,   
Priority-group:   1, shape   9: </cst/Boundaries/> Up^Z,    material: $NFSMaterial$,  user-priority: 0,  material-attributes: normal.vacuum,  shape-attributes: boundary,   
Priority-group:   2, shape   1: component1:Axileair__1_0,   material: Air,    user-priority: 0,  2D/3D-geometry: true, material-attributes: normal.rho, shape-attributes: solid,  
Priority-group:   3, shape   2: component1:Axileouter__1_0, material: PEC,    user-priority: 0,  2D/3D-geometry: true, material-attributes: pec,    shape-attributes: solid,  
Priority-group:   3, shape   3: component1:Axileouter__1_0 (Lump 2),    material: PEC,    user-priority: 0,  2D/3D-geometry: true, material-attributes: pec,    shape-attributes: solid,  
 
==========================================================================================================================================================================================
 
================================================================================================
General settings
	PBA version: default
------------------------------------------------------------------------------------------------
Geometry processor:default
	Geo accuracy: 75.000000
	PEC background is represented by CAD geometry: false
	Watertightness check: true
	Self intersection check: false
	Inheritance (all): false
	Normal dominance (all): false
	Normal dominance (ports): false
	Flanges hollow: true
	One shape per flange: false
------------------------------------------------------------------------------------------------
Connectivity settings
	Workflow selection: 0
	Workflow version: 20180101
	Gap detection: true
	Gap detection version: 2
	TST version: 2
	QQ workflow: true
	CoCo workflow: true
	Legacy topology: false
	Connectivity check: false
------------------------------------------------------------------------------------------------
Geometry processing log
	no entries
================================================================================================
FARM allocation scheme: BBM
Gap-Detection activated for FARM-topology. Gaps are resolved, even partially.: gap tolerance value is 0.001 and mesh geometry scale is 0.001

Port homogenization method: M2H point index deviation
ccccccccccccccccccccccccccccccccccccccccccccccccccccccccccccccccccccc
FARM/Meshfill cache is set to 8 (local FI domains: 1, dynamic: false)
ccccccccccccccccccccccccccccccccccccccccccccccccccccccccccccccccccccc

=============================================================
Hex cell analyzer settings:
	max number of E fields per mesh edge: 2
	max number of H fields per mesh face: 4
	supporting dual grid: false
	performance improvement: ROI limit: true
	performance improvement: ROI threshold: 2
	performance improvement: single topology extraction: true
	performance improvement: pre-categorize cell volume: true
	periodic align: 0
	periodic cells: true
	homogenization version: pid
=============================================================

------------------------------------------------------------------------------
+++++++++++++++++++++++++++++++++++++++++++++++++++++
settings for port mode calculation
+++++++++++++++++++++++++++++++++++++++++++++++++++++
PBA fill limit is applied in inverse mode.
PBA fill limit is applied on faces filled with at least 99.00% metal material.
--------------------------------------------------------------
detailed accuracy settings:
--------------------------------------------------------------
augmented fill limit:       true
augmented fill limit value: 99.00
automatic fill limit:       true
early fill limit:           true
inverse fill limit:         true
model complexity:           0.00
legacy 2015:                false
fixed point accuracy:       false
minimum point accuracy:     0
mesh step inheritance:      false
accuracy mode:              
------------------------------------------------------------------------------

--------------------------------------
Glued 0 metal grid points in port area
--------------------------------------

=================================
Finished matrix computation (PBA)
=================================

<<<<<<<<<<<<<<<<<<<<<<<<<<<<<<<<<<<<<<<<<<<<<<<<<<<<<<<<
2022 Jan 26 (Wed):  13:32:03
Resource usage for calculating matrix coefficients:
	Runtime                                 2.86 seconds
	Peak Memory Usage:                        28 MB
<<<<<<<<<<<<<<<<<<<<<<<<<<<<<<<<<<<<<<<<<<<<<<<<<<<<<<<<

--------------------------------
# of staircase filled cells: 0
# of staircase filled areas: 0
# of staircase filled edges: 0
# of faces above fill limit: 0
# of edges with FPBA topology: 0
--------------------------------

>>>>>>>>>>>>>>>>>>>>>>>>>>>>
2022 Jan 26 (Wed):  13:32:09
>>>>>>>>>>>>>>>>>>>>>>>>>>>>

======================================================
 - pinning rule in use   : PINNING_RULE_MCALC_SKIP_ALL
 - desired group         : 0, sockets = 0
 - num cores available   : 4
 - num accessible procs          : 4
 - num logical procs             : 4
 - affinity (main thread)        : 11 11 
 - sockets                       : 0
 - potential cores               : 0,2
 - affinity                      : 11
 - active cores          : 0,2
 - hyperthreading        : on
 - allowed core ids      : 0,2
 - allowed core ids (aff): 10 10 
 - used mask (string)    : 10 10 
======================================================

Version: 2021.1 Release from 2020-11-10 (change 826605) [Release]
Started @ 2022 Jan 26 (Wed):  13:32:09
Workflow: PBA matrix coefficients
Operation: [acis, fpba, meshfill, bg, port-path, port-domain, tst, tst-nextgen, coeff, surface-imp]
Architecture: Windows, ID: AMD64
System Windows-64bit
Using processor group 0/1
HEX Mesh information:
[Global mesh]
	global O(0 0 0) 	global S(17 17 4) Z(1155)
===============================
Matrix computation (PBA)
	[PBA version: default]
Version 2021.1 (build 20201110)
PBA version 2020111021
Sub-Workflow: FARM-1x1-TST2
Workflow updated: -
2022 Jan 26 (Wed):  13:32:09
===============================

----------------------------------------------
Used point accuracy enhancement value: 75.00%.
----------------------------------------------

==========================================================================================================================================================================================
== CST Matrix Calculation Priority Log                                                                                                                                                  ==
==========================================================================================================================================================================================
 
Priorities are sorted in ascending order beginning with the lowest priority
 
Priority-group:   1, shape   4: </cst/Boundaries/> Low^X,   material: $NFSMaterial$,  user-priority: 0,  material-attributes: normal.vacuum,  shape-attributes: boundary,   
Priority-group:   1, shape   5: </cst/Boundaries/> Low^Y,   material: $NFSMaterial$,  user-priority: 0,  material-attributes: normal.vacuum,  shape-attributes: boundary,   
Priority-group:   1, shape   6: </cst/Boundaries/> Low^Z,   material: $NFSMaterial$,  user-priority: 0,  material-attributes: normal.vacuum,  shape-attributes: boundary,   
Priority-group:   1, shape   7: </cst/Boundaries/> Up^X,    material: $NFSMaterial$,  user-priority: 0,  material-attributes: normal.vacuum,  shape-attributes: boundary,   
Priority-group:   1, shape   8: </cst/Boundaries/> Up^Y,    material: $NFSMaterial$,  user-priority: 0,  material-attributes: normal.vacuum,  shape-attributes: boundary,   
Priority-group:   1, shape   9: </cst/Boundaries/> Up^Z,    material: $NFSMaterial$,  user-priority: 0,  material-attributes: normal.vacuum,  shape-attributes: boundary,   
Priority-group:   2, shape   1: component1:Axileair__1_0,   material: Air,    user-priority: 0,  2D/3D-geometry: true, material-attributes: normal.rho, shape-attributes: solid,  
Priority-group:   3, shape   2: component1:Axileouter__1_0, material: PEC,    user-priority: 0,  2D/3D-geometry: true, material-attributes: pec,    shape-attributes: solid,  
Priority-group:   3, shape   3: component1:Axileouter__1_0 (Lump 2),    material: PEC,    user-priority: 0,  2D/3D-geometry: true, material-attributes: pec,    shape-attributes: solid,  
 
==========================================================================================================================================================================================
 
================================================================================================
General settings
	PBA version: default
------------------------------------------------------------------------------------------------
Geometry processor:default
	Geo accuracy: 75.000000
	PEC background is represented by CAD geometry: false
	Watertightness check: true
	Self intersection check: false
	Inheritance (all): false
	Normal dominance (all): false
	Normal dominance (ports): false
	Flanges hollow: true
	One shape per flange: false
------------------------------------------------------------------------------------------------
Connectivity settings
	Workflow selection: 0
	Workflow version: 20180101
	Gap detection: true
	Gap detection version: 2
	TST version: 2
	QQ workflow: true
	CoCo workflow: true
	Legacy topology: false
	Connectivity check: false
------------------------------------------------------------------------------------------------
Geometry processing log
	no entries
================================================================================================
FARM allocation scheme: BBM
Gap-Detection activated for FARM-topology. Gaps are resolved, even partially.: gap tolerance value is 0.001 and mesh geometry scale is 0.001

Port homogenization method: M2H point index deviation
ccccccccccccccccccccccccccccccccccccccccccccccccccccccccccccccccccccc
FARM/Meshfill cache is set to 8 (local FI domains: 1, dynamic: false)
ccccccccccccccccccccccccccccccccccccccccccccccccccccccccccccccccccccc

=============================================================
Hex cell analyzer settings:
	max number of E fields per mesh edge: 2
	max number of H fields per mesh face: 4
	supporting dual grid: false
	performance improvement: ROI limit: true
	performance improvement: ROI threshold: 2
	performance improvement: single topology extraction: true
	performance improvement: pre-categorize cell volume: true
	periodic align: 0
	periodic cells: true
	homogenization version: pid
=============================================================

------------------------------------------------------------------------------
+++++++++++++++++++++++++++++++++++++++++++++++++++++
settings for port mode calculation
+++++++++++++++++++++++++++++++++++++++++++++++++++++
PBA fill limit is applied in inverse mode.
PBA fill limit is applied on faces filled with at least 99.00% metal material.
--------------------------------------------------------------
detailed accuracy settings:
--------------------------------------------------------------
augmented fill limit:       true
augmented fill limit value: 99.00
automatic fill limit:       true
early fill limit:           true
inverse fill limit:         true
model complexity:           0.00
legacy 2015:                false
fixed point accuracy:       false
minimum point accuracy:     0
mesh step inheritance:      false
accuracy mode:              
------------------------------------------------------------------------------

--------------------------------------
Glued 0 metal grid points in port area
--------------------------------------

=================================
Finished matrix computation (PBA)
=================================

<<<<<<<<<<<<<<<<<<<<<<<<<<<<<<<<<<<<<<<<<<<<<<<<<<<<<<<<
2022 Jan 26 (Wed):  13:32:12
Resource usage for calculating matrix coefficients:
	Runtime                                 3.64 seconds
	Peak Memory Usage:                        34 MB
<<<<<<<<<<<<<<<<<<<<<<<<<<<<<<<<<<<<<<<<<<<<<<<<<<<<<<<<

--------------------------------
# of staircase filled cells: 0
# of staircase filled areas: 0
# of staircase filled edges: 0
# of faces above fill limit: 0
# of edges with FPBA topology: 0
--------------------------------

>>>>>>>>>>>>>>>>>>>>>>>>>>>>
2022 Jan 26 (Wed):  13:32:22
>>>>>>>>>>>>>>>>>>>>>>>>>>>>

======================================================
 - pinning rule in use   : PINNING_RULE_MCALC_SKIP_ALL
 - desired group         : 0, sockets = 0
 - num cores available   : 4
 - num accessible procs          : 4
 - num logical procs             : 4
 - affinity (main thread)        : 11 11 
 - sockets                       : 0
 - potential cores               : 0,2
 - affinity                      : 11
 - active cores          : 0,2
 - hyperthreading        : on
 - allowed core ids      : 0,2
 - allowed core ids (aff): 10 10 
 - used mask (string)    : 10 10 
======================================================

Version: 2021.1 Release from 2020-11-10 (change 826605) [Release]
Started @ 2022 Jan 26 (Wed):  13:32:25
Workflow: PBA matrix coefficients
Operation: [acis, fpba, meshfill, bg, port-path, port-domain, tst, tst-nextgen, coeff, surface-imp]
Architecture: Windows, ID: AMD64
System Windows-64bit
Using processor group 0/1
HEX Mesh information:
[Global mesh]
	global O(0 0 0) 	global S(25 25 4) Z(2499)
===============================
Matrix computation (PBA)
	[PBA version: default]
Version 2021.1 (build 20201110)
PBA version 2020111021
Sub-Workflow: FARM-1x1-TST2
Workflow updated: -
2022 Jan 26 (Wed):  13:32:25
===============================

----------------------------------------------
Used point accuracy enhancement value: 75.00%.
----------------------------------------------

==========================================================================================================================================================================================
== CST Matrix Calculation Priority Log                                                                                                                                                  ==
==========================================================================================================================================================================================
 
Priorities are sorted in ascending order beginning with the lowest priority
 
Priority-group:   1, shape   4: </cst/Boundaries/> Low^X,   material: $NFSMaterial$,  user-priority: 0,  material-attributes: normal.vacuum,  shape-attributes: boundary,   
Priority-group:   1, shape   5: </cst/Boundaries/> Low^Y,   material: $NFSMaterial$,  user-priority: 0,  material-attributes: normal.vacuum,  shape-attributes: boundary,   
Priority-group:   1, shape   6: </cst/Boundaries/> Low^Z,   material: $NFSMaterial$,  user-priority: 0,  material-attributes: normal.vacuum,  shape-attributes: boundary,   
Priority-group:   1, shape   7: </cst/Boundaries/> Up^X,    material: $NFSMaterial$,  user-priority: 0,  material-attributes: normal.vacuum,  shape-attributes: boundary,   
Priority-group:   1, shape   8: </cst/Boundaries/> Up^Y,    material: $NFSMaterial$,  user-priority: 0,  material-attributes: normal.vacuum,  shape-attributes: boundary,   
Priority-group:   1, shape   9: </cst/Boundaries/> Up^Z,    material: $NFSMaterial$,  user-priority: 0,  material-attributes: normal.vacuum,  shape-attributes: boundary,   
Priority-group:   2, shape   1: component1:Axileair__1_0,   material: Air,    user-priority: 0,  2D/3D-geometry: true, material-attributes: normal.rho, shape-attributes: solid,  
Priority-group:   3, shape   2: component1:Axileouter__1_0, material: PEC,    user-priority: 0,  2D/3D-geometry: true, material-attributes: pec,    shape-attributes: solid,  
Priority-group:   3, shape   3: component1:Axileouter__1_0 (Lump 2),    material: PEC,    user-priority: 0,  2D/3D-geometry: true, material-attributes: pec,    shape-attributes: solid,  
 
==========================================================================================================================================================================================
 
================================================================================================
General settings
	PBA version: default
------------------------------------------------------------------------------------------------
Geometry processor:default
	Geo accuracy: 75.000000
	PEC background is represented by CAD geometry: false
	Watertightness check: true
	Self intersection check: false
	Inheritance (all): false
	Normal dominance (all): false
	Normal dominance (ports): false
	Flanges hollow: true
	One shape per flange: false
------------------------------------------------------------------------------------------------
Connectivity settings
	Workflow selection: 0
	Workflow version: 20180101
	Gap detection: true
	Gap detection version: 2
	TST version: 2
	QQ workflow: true
	CoCo workflow: true
	Legacy topology: false
	Connectivity check: false
------------------------------------------------------------------------------------------------
Geometry processing log
	no entries
================================================================================================
FARM allocation scheme: BBM
Gap-Detection activated for FARM-topology. Gaps are resolved, even partially.: gap tolerance value is 0.001 and mesh geometry scale is 0.001

Port homogenization method: M2H point index deviation
ccccccccccccccccccccccccccccccccccccccccccccccccccccccccccccccccccccc
FARM/Meshfill cache is set to 8 (local FI domains: 1, dynamic: false)
ccccccccccccccccccccccccccccccccccccccccccccccccccccccccccccccccccccc

=============================================================
Hex cell analyzer settings:
	max number of E fields per mesh edge: 2
	max number of H fields per mesh face: 4
	supporting dual grid: false
	performance improvement: ROI limit: true
	performance improvement: ROI threshold: 2
	performance improvement: single topology extraction: true
	performance improvement: pre-categorize cell volume: true
	periodic align: 0
	periodic cells: true
	homogenization version: pid
=============================================================

------------------------------------------------------------------------------
+++++++++++++++++++++++++++++++++++++++++++++++++++++
settings for port mode calculation
+++++++++++++++++++++++++++++++++++++++++++++++++++++
PBA fill limit is applied in inverse mode.
PBA fill limit is applied on faces filled with at least 99.00% metal material.
--------------------------------------------------------------
detailed accuracy settings:
--------------------------------------------------------------
augmented fill limit:       true
augmented fill limit value: 99.00
automatic fill limit:       true
early fill limit:           true
inverse fill limit:         true
model complexity:           0.00
legacy 2015:                false
fixed point accuracy:       false
minimum point accuracy:     0
mesh step inheritance:      false
accuracy mode:              
------------------------------------------------------------------------------

--------------------------------------
Glued 0 metal grid points in port area
--------------------------------------

=================================
Finished matrix computation (PBA)
=================================

<<<<<<<<<<<<<<<<<<<<<<<<<<<<<<<<<<<<<<<<<<<<<<<<<<<<<<<<
2022 Jan 26 (Wed):  13:32:34
Resource usage for calculating matrix coefficients:
	Runtime                                12.04 seconds
	Peak Memory Usage:                        46 MB
<<<<<<<<<<<<<<<<<<<<<<<<<<<<<<<<<<<<<<<<<<<<<<<<<<<<<<<<

--------------------------------
# of staircase filled cells: 0
# of staircase filled areas: 0
# of staircase filled edges: 0
# of faces above fill limit: 0
# of edges with FPBA topology: 0
--------------------------------

>>>>>>>>>>>>>>>>>>>>>>>>>>>>
2022 Jan 26 (Wed):  13:32:42
>>>>>>>>>>>>>>>>>>>>>>>>>>>>

======================================================
 - pinning rule in use   : PINNING_RULE_MCALC_SKIP_ALL
 - desired group         : 0, sockets = 0
 - num cores available   : 4
 - num accessible procs          : 4
 - num logical procs             : 4
 - affinity (main thread)        : 11 11 
 - sockets                       : 0
 - potential cores               : 0,2
 - affinity                      : 11
 - active cores          : 0,2
 - hyperthreading        : on
 - allowed core ids      : 0,2
 - allowed core ids (aff): 10 10 
 - used mask (string)    : 10 10 
======================================================

Version: 2021.1 Release from 2020-11-10 (change 826605) [Release]
Started @ 2022 Jan 26 (Wed):  13:32:42
Workflow: QQ-Facets
Operation: [acis, fpba, bg]
Architecture: Windows, ID: AMD64
System Windows-64bit
Using processor group 0/1
HEX Mesh information:
[Global mesh]
	global O(0 0 0) 	global S(119 127 25) Z(377824)
========================================================================
Processing CAD model (for field results)
	[Improved internal geometry representation]
	[Accuracy improvement for long shapes in inhomogeneous mesh regions]
Version 2021.1 (build 20201110)
PBA version 2020111021
Sub-Workflow: Facets-QQ-GEX
Workflow updated: -
2022 Jan 26 (Wed):  13:32:42
========================================================================

===========================================
Finished CAD processing (for field results)
===========================================

<<<<<<<<<<<<<<<<<<<<<<<<<<<<<<<<<<<<<<<<
2022 Jan 26 (Wed):  13:32:43
Resource usage for processing CAD model:
<<<<<<<<<<<<<<<<<<<<<<<<<<<<<<<<<<<<<<<<

>>>>>>>>>>>>>>>>>>>>>>>>>>>>
2022 Jan 26 (Wed):  13:32:43
>>>>>>>>>>>>>>>>>>>>>>>>>>>>

========================================================================
Processing CAD model
	[Improved internal geometry representation]
	[Accuracy improvement for long shapes in inhomogeneous mesh regions]
Version 2021.1 (build 20201110)
PBA version 2020111021
Sub-Workflow: Facets-QQ-GEX
Workflow updated: -
2022 Jan 26 (Wed):  13:32:43
========================================================================

---------------------------------------------
Used point accuracy enhancement value: 0.00%.
---------------------------------------------

=============================================================================
Mesh statistics:
-----------------------------------------------------------------------------
Minimum edge length (x): 0.045 @ mesh line 58 (x)
Maximum edge length (x): 0.398 @ mesh line 117 (x)
Minimum face area (x): 0.00225 @ mesh lines 34 | 8 (y | z)
Maximum face area (x): 0.175 @ mesh lines 125 | 3 (y | z)
Minimum edge length (y): 0.045 @ mesh line 34 (y)
Maximum edge length (y): 0.398 @ mesh line 125 (y)
Minimum face area (y): 0.00225 @ mesh lines 8 | 58 (z | x)
Maximum face area (y): 0.175 @ mesh lines 3 | 117 (z | x)
Minimum edge length (z): 0.05 @ mesh line 8 (z)
Maximum edge length (z): 0.441 @ mesh line 3 (z)
Minimum face area (z): 0.00202 @ mesh lines 58 | 34 (x | y)
Maximum face area (z): 0.158 @ mesh lines 117 | 125 (x | y)
Maximum mesh face aspect ratio (x): 9.8 : 1.0  @ mesh lines 34 | 3 (y | z)
Maximum mesh face aspect ratio (y): 9.8 : 1.0  @ mesh lines 3 | 58 (z | x)
Maximum mesh face aspect ratio (z): 8.84 : 1.0  @ mesh lines 117 | 34 (x | y)
=============================================================================

============================================================================
Available resources to store TST cells: 2147105822 (568280.51% of mesh size)
============================================================================

==================================================================================================================================================================================================================
== CST Matrix Calculation Priority Log                                                                                                                                                                          ==
==================================================================================================================================================================================================================
 
Priorities are sorted in ascending order beginning with the lowest priority
 
Priority-group:   1, shape   6: </cst/Boundaries/> Low^X,   material: $NFSMaterial$,  user-priority: 0,  material-attributes: normal.vacuum,  shape-attributes: boundary,   
Priority-group:   1, shape   7: </cst/Boundaries/> Low^Y,   material: $NFSMaterial$,  user-priority: 0,  material-attributes: normal.vacuum,  shape-attributes: boundary,   
Priority-group:   1, shape   8: </cst/Boundaries/> Low^Z,   material: $NFSMaterial$,  user-priority: 0,  material-attributes: normal.vacuum,  shape-attributes: boundary,   
Priority-group:   1, shape   9: </cst/Boundaries/> Up^X,    material: $NFSMaterial$,  user-priority: 0,  material-attributes: normal.vacuum,  shape-attributes: boundary,   
Priority-group:   1, shape  10: </cst/Boundaries/> Up^Y,    material: $NFSMaterial$,  user-priority: 0,  material-attributes: normal.vacuum,  shape-attributes: boundary,   
Priority-group:   1, shape  11: </cst/Boundaries/> Up^Z,    material: $NFSMaterial$,  user-priority: 0,  material-attributes: normal.vacuum,  shape-attributes: boundary,   
Priority-group:   2, shape   1: component1:Axileair,    material: Air,    user-priority: 0,  2D/3D-geometry: true, material-attributes: normal.rho, shape-attributes: solid,  
Priority-group:   2, shape   5: component1:Substrate,   material: FR-4 (lossy),   user-priority: 0,  2D/3D-geometry: true, material-attributes: dispersive-eps.dispersive-mue.normal,   shape-attributes: solid,  
Priority-group:   3, shape   2: component1:Axileouter,  material: PEC,    user-priority: 0,  2D/3D-geometry: true, material-attributes: pec,    shape-attributes: solid,  
Priority-group:   4, shape   3: component1:Ground,  material: Copper (annealed),  user-priority: 0,  2D/3D-geometry: true, material-attributes: pec.rho.surface-impedance,  shape-attributes: solid,  
Priority-group:   4, shape   4: component1:Patch,   material: Copper (annealed),  user-priority: 0,  2D/3D-geometry: true, material-attributes: pec.rho.surface-impedance,  shape-attributes: solid,  
 
==================================================================================================================================================================================================================
 
================================================================================================
General settings
	PBA version: default
------------------------------------------------------------------------------------------------
Geometry processor:default
	Geo accuracy: 0.000000
	PEC background is represented by CAD geometry: false
	Watertightness check: true
	Self intersection check: false
	Inheritance (all): false
	Normal dominance (all): false
	Normal dominance (ports): false
	Flanges hollow: true
	One shape per flange: false
------------------------------------------------------------------------------------------------
Connectivity settings
	Workflow selection: 0
	Workflow version: 20190101
	Gap detection: true
	Gap detection version: 2
	TST version: 2
	QQ workflow: true
	CoCo workflow: true
	Legacy topology: false
	Connectivity check: true
------------------------------------------------------------------------------------------------
Geometry processing log
	no entries
================================================================================================
=======================
Finished CAD processing
=======================

<<<<<<<<<<<<<<<<<<<<<<<<<<<<<<<<<<<<<<<<<<<<<<<
2022 Jan 26 (Wed):  13:32:44
Resource usage for processing CAD model:
	Runtime                        0.45 seconds
	Peak Memory Usage:               28 MB
<<<<<<<<<<<<<<<<<<<<<<<<<<<<<<<<<<<<<<<<<<<<<<<

------------------------------------------------------------
Parallelization Info
------------------------------------------------------------
Hyperthreading active: true
Hyperthreading used: true
Number of concurrent threads: 2
Number of node domains: 8
Domains-to-threads scaling: 2
Average FI domain size: 20990.3
Nice mode: true
Delayed matrix calculation start: false
Load balancing: Version 20090403
Number of mesh fill domains: 18
Memory downscale: 1
CPU load: 50.00%
Emptiness: 0.00%
Hex mesh complexity: 0.35683
Geometric complexity: 0.00796
lower size limit of domain (1D): 60
------------------------------------------------------------
Node order
4, 1, 6, 3, 2, 7, 5, 0
------------------------------------------------------------

--------------------------------------------------------------------
Concurrency for parallelized matrix calculation at start: 2/2
Matrix calculation node 4
	Mesh coverage: 4531200.00 %
	Estimated peak memory usage per node: 159 MB, tightness: 14.29 %
	Processor group: 0
Matrix calculation node 1
	Mesh coverage: 4488000.00 %
	Estimated peak memory usage per node: 157 MB, tightness: 14.17 %
	Processor group: 0
--------------------------------------------------------------------

--------------------------------------------------------------------
Matrix calculation node 6
	Mesh coverage: 4608000.00 %
	Estimated peak memory usage per node: 160 MB, tightness: 14.40 %
	Processor group: 0
--------------------------------------------------------------------

--------------------------------------------------------------------
Matrix calculation node 3
	Mesh coverage: 4989600.00 %
	Estimated peak memory usage per node: 114 MB, tightness: 10.26 %
	Processor group: 0
--------------------------------------------------------------------

--------------------------------------------------------------------
Matrix calculation node 2
	Mesh coverage: 4838400.00 %
	Estimated peak memory usage per node: 174 MB, tightness: 15.68 %
	Processor group: 0
--------------------------------------------------------------------

-------------------------------------------------------------------
Matrix calculation node 7
	Mesh coverage: 4752000.00 %
	Estimated peak memory usage per node: 108 MB, tightness: 9.77 %
	Processor group: 0
-------------------------------------------------------------------

-------------------------------------------------------------------
Matrix calculation node 5
	Mesh coverage: 4672800.00 %
	Estimated peak memory usage per node: 108 MB, tightness: 9.70 %
	Processor group: 0
-------------------------------------------------------------------

-------------------------------------------------------------------
Matrix calculation node 0
	Mesh coverage: 3960000.00 %
	Estimated peak memory usage per node: 104 MB, tightness: 9.38 %
	Processor group: 0
-------------------------------------------------------------------



<<<<<<<<<<<<<<<<<<<<<<<<<<<<<<<<<<<<<<<<<<<<<<<<<<<
2022 Jan 26 (Wed):  13:34:12
Resource usage for calculating matrix coefficients:
<<<<<<<<<<<<<<<<<<<<<<<<<<<<<<<<<<<<<<<<<<<<<<<<<<<

------------------------------------
Mesh: # of points excl. TSTs: 377825
      # of points incl. TSTs: 378049
------------------------------------

1xN000:  >>>>>>>>>>>>>>>>>>>>>>>>>>>>
         2022 Jan 26 (Wed):  13:33:57
         >>>>>>>>>>>>>>>>>>>>>>>>>>>>

1xN000:  ==========================================================================
          - pinning rule in use   : PINNING_RULE_MCALC_SKIP_ALL
          - desired group         : 0, sockets = 0
          - num cores available   : 4
          - num accessible procs          : 4
          - num logical procs             : 4
          - affinity (main thread)        : 11 11
          - sockets                       : 0
          - potential cores               : 0,1,2,3
          - affinity                      : 1111
          - active cores          : 0,1,2,3
          - hyperthreading        : on
          - skip pinning: + allowed number of sockets = available number of sockets
                          + hyperthreading allowed by solver
         ==========================================================================

1xN000:  Version: 2021.1 Release from 2020-11-10 (change 826605) [Release]
         Started @ 2022 Jan 26 (Wed):  13:33:57
         Workflow: PBA matrix coefficients
         Operation: [fpba, meshfill, bg, port-path, tst, tst-nextgen, coeff, surface-imp, connectivity-tree]
         Architecture: Windows, ID: AMD64
         System Windows-64bit
         Using processor group 0/1
         HEX Mesh information:
         [Global mesh]
         	global O(0 0 0) 	global S(56 31 25) Z(43399)
         [Extended mesh]
         	extended O(0 0 0) 	extended S(57 32 25) Z(45599)
1xN000:  ================================
         Matrix computation (PBA)
         	[PBA version: default]
         Version 2021.1 (build 20201110)
         PBA version 2020111021
         Sub-Workflow: FARM-1xN-TST2-Node
         Workflow updated: -
         2022 Jan 26 (Wed):  13:33:57
         ================================

1xN000:  ---------------------------------------------
         Used point accuracy enhancement value: 0.00%.
         ---------------------------------------------

1xN000:  FARM allocation scheme: BBM
1xN000:  Gap-Detection activated for FARM-topology. Gaps are resolved, even partially.: gap tolerance value is 0.001 and mesh geometry scale is 0.001
1xN000:



1xN000:
1xN000:  Port homogenization method: M2H point index deviation
1xN000:  cccccccccccccccccccccccccccccccccccccccccccccccccccccccccccccccccccc
         FARM/Meshfill cache is set to 8 (local FI domains: 4, dynamic: true)
         cccccccccccccccccccccccccccccccccccccccccccccccccccccccccccccccccccc

1xN000:  =============================================================
         Hex cell analyzer settings:
         	max number of E fields per mesh edge: 2
         	max number of H fields per mesh face: 4
         	supporting dual grid: false
         	performance improvement: ROI limit: true
         	performance improvement: ROI threshold: 2
         	performance improvement: single topology extraction: true
         	performance improvement: pre-categorize cell volume: true
         	periodic align: 0
         	periodic cells: true
         	homogenization version: pid
         =============================================================

1xN000:  ssssssssssssssssssssssssssssssssssssssssss
         # of curls with SI accuracy enhancement: 0
         ssssssssssssssssssssssssssssssssssssssssss

1xN000:  ------------------------------------------------------------------------------
         PBA fill limit is applied in inverse mode.
         PBA fill limit is applied on faces filled with at least 95.64% metal material.
         --------------------------------------------------------------
         detailed accuracy settings:
         --------------------------------------------------------------
         augmented fill limit:       true
         augmented fill limit value: 95.64
         automatic fill limit:       true
         early fill limit:           true
         inverse fill limit:         true
         model complexity:           0.00
         legacy 2015:                false
         fixed point accuracy:       false
         minimum point accuracy:     0
         mesh step inheritance:      false
         accuracy mode:
         ------------------------------------------------------------------------------

1xN000:  =================================
         Finished matrix computation (PBA)
         =================================

1xN000:  <<<<<<<<<<<<<<<<<<<<<<<<<<<<<<<<<<<<<<<<<<<<<<<<<<<<<<<<<<<<
         2022 Jan 26 (Wed):  13:34:12
         Resource usage for calculating matrix coefficients per node:
         	Runtime                                15.07 seconds
         	Peak Memory Estimation:                  104 MB
         	Peak Memory Usage:                        75 MB
         <<<<<<<<<<<<<<<<<<<<<<<<<<<<<<<<<<<<<<<<<<<<<<<<<<<<<<<<<<<<



1xN001:  >>>>>>>>>>>>>>>>>>>>>>>>>>>>
         2022 Jan 26 (Wed):  13:32:47
         >>>>>>>>>>>>>>>>>>>>>>>>>>>>

1xN001:  ==========================================================================
          - pinning rule in use   : PINNING_RULE_MCALC_SKIP_ALL
          - desired group         : 0, sockets = 0
          - num cores available   : 4
          - num accessible procs          : 4
          - num logical procs             : 4
          - affinity (main thread)        : 11 11
          - sockets                       : 0
          - potential cores               : 0,1,2,3
          - affinity                      : 1111
          - active cores          : 0,1,2,3
          - hyperthreading        : on
          - skip pinning: + allowed number of sockets = available number of sockets
                          + hyperthreading allowed by solver
         ==========================================================================

1xN001:  Version: 2021.1 Release from 2020-11-10 (change 826605) [Release]
         Started @ 2022 Jan 26 (Wed):  13:32:47
         Workflow: PBA matrix coefficients
         Operation: [fpba, meshfill, bg, port-path, tst, tst-nextgen, coeff, surface-imp, connectivity-tree]
         Architecture: Windows, ID: AMD64
         System Windows-64bit
         Using processor group 0/1
         HEX Mesh information:
         [Global mesh]
         	global O(0 29 0) 	global S(56 35 25) Z(48999)
         [Extended mesh]
         	extended O(0 28 0) 	extended S(57 37 25) Z(52724)
1xN001:  ================================
         Matrix computation (PBA)
         	[PBA version: default]
         Version 2021.1 (build 20201110)
         PBA version 2020111021
         Sub-Workflow: FARM-1xN-TST2-Node
         Workflow updated: -
         2022 Jan 26 (Wed):  13:32:47
         ================================

1xN001:  ---------------------------------------------
         Used point accuracy enhancement value: 0.00%.
         ---------------------------------------------

1xN001:  FARM allocation scheme: BBM
1xN001:  Gap-Detection activated for FARM-topology. Gaps are resolved, even partially.: gap tolerance value is 0.001 and mesh geometry scale is 0.001
1xN001:



1xN001:
1xN001:  Port homogenization method: M2H point index deviation
1xN001:  cccccccccccccccccccccccccccccccccccccccccccccccccccccccccccccccccccc
         FARM/Meshfill cache is set to 8 (local FI domains: 8, dynamic: true)
         cccccccccccccccccccccccccccccccccccccccccccccccccccccccccccccccccccc

1xN001:  =============================================================
         Hex cell analyzer settings:
         	max number of E fields per mesh edge: 2
         	max number of H fields per mesh face: 4
         	supporting dual grid: false
         	performance improvement: ROI limit: true
         	performance improvement: ROI threshold: 2
         	performance improvement: single topology extraction: true
         	performance improvement: pre-categorize cell volume: true
         	periodic align: 0
         	periodic cells: true
         	homogenization version: pid
         =============================================================

1xN001:  ssssssssssssssssssssssssssssssssssssssssss
         # of curls with SI accuracy enhancement: 0
         ssssssssssssssssssssssssssssssssssssssssss

1xN001:  ------------------------------------------------------------------------------
         PBA fill limit is applied in inverse mode.
         PBA fill limit is applied on faces filled with at least 95.64% metal material.
         --------------------------------------------------------------
         detailed accuracy settings:
         --------------------------------------------------------------
         augmented fill limit:       true
         augmented fill limit value: 95.64
         automatic fill limit:       true
         early fill limit:           true
         inverse fill limit:         true
         model complexity:           0.00
         legacy 2015:                false
         fixed point accuracy:       false
         minimum point accuracy:     0
         mesh step inheritance:      false
         accuracy mode:
         ------------------------------------------------------------------------------

1xN001:  =================================
         Finished matrix computation (PBA)
         =================================

1xN001:  <<<<<<<<<<<<<<<<<<<<<<<<<<<<<<<<<<<<<<<<<<<<<<<<<<<<<<<<<<<<
         2022 Jan 26 (Wed):  13:33:08
         Resource usage for calculating matrix coefficients per node:
         	Runtime                                20.99 seconds
         	Peak Memory Estimation:                  157 MB
         	Peak Memory Usage:                       101 MB
         <<<<<<<<<<<<<<<<<<<<<<<<<<<<<<<<<<<<<<<<<<<<<<<<<<<<<<<<<<<<



1xN002:  >>>>>>>>>>>>>>>>>>>>>>>>>>>>
         2022 Jan 26 (Wed):  13:33:29
         >>>>>>>>>>>>>>>>>>>>>>>>>>>>

1xN002:  ==========================================================================
          - pinning rule in use   : PINNING_RULE_MCALC_SKIP_ALL
          - desired group         : 0, sockets = 0
          - num cores available   : 4
          - num accessible procs          : 4
          - num logical procs             : 4
          - affinity (main thread)        : 11 11
          - sockets                       : 0
          - potential cores               : 0,1,2,3
          - affinity                      : 1111
          - active cores          : 0,1,2,3
          - hyperthreading        : on
          - skip pinning: + allowed number of sockets = available number of sockets
                          + hyperthreading allowed by solver
         ==========================================================================

1xN002:  Version: 2021.1 Release from 2020-11-10 (change 826605) [Release]
         Started @ 2022 Jan 26 (Wed):  13:33:29
         Workflow: PBA matrix coefficients
         Operation: [fpba, meshfill, bg, port-path, tst, tst-nextgen, coeff, surface-imp, connectivity-tree]
         Architecture: Windows, ID: AMD64
         System Windows-64bit
         Using processor group 0/1
         HEX Mesh information:
         [Global mesh]
         	global O(54 0 0) 	global S(33 64 25) Z(52799)
         [Extended mesh]
         	extended O(53 0 0) 	extended S(35 65 25) Z(56874)
1xN002:  ================================
         Matrix computation (PBA)
         	[PBA version: default]
         Version 2021.1 (build 20201110)
         PBA version 2020111021
         Sub-Workflow: FARM-1xN-TST2-Node
         Workflow updated: -
         2022 Jan 26 (Wed):  13:33:29
         ================================

1xN002:  ---------------------------------------------
         Used point accuracy enhancement value: 0.00%.
         ---------------------------------------------

1xN002:  FARM allocation scheme: BBM
1xN002:  Gap-Detection activated for FARM-topology. Gaps are resolved, even partially.: gap tolerance value is 0.001 and mesh geometry scale is 0.001
1xN002:



1xN002:
1xN002:  Port homogenization method: M2H point index deviation
1xN002:  cccccccccccccccccccccccccccccccccccccccccccccccccccccccccccccccccccc
         FARM/Meshfill cache is set to 8 (local FI domains: 8, dynamic: true)
         cccccccccccccccccccccccccccccccccccccccccccccccccccccccccccccccccccc

1xN002:  =============================================================
         Hex cell analyzer settings:
         	max number of E fields per mesh edge: 2
         	max number of H fields per mesh face: 4
         	supporting dual grid: false
         	performance improvement: ROI limit: true
         	performance improvement: ROI threshold: 2
         	performance improvement: single topology extraction: true
         	performance improvement: pre-categorize cell volume: true
         	periodic align: 0
         	periodic cells: true
         	homogenization version: pid
         =============================================================

1xN002:  ssssssssssssssssssssssssssssssssssssssssss
         # of curls with SI accuracy enhancement: 0
         ssssssssssssssssssssssssssssssssssssssssss

1xN002:  --------------------------------------
         Glued 0 metal grid points in port area
         --------------------------------------

1xN002:  -------------------------------------------------------------
         Background artefacts have been removed for waveguide port "1"
         -------------------------------------------------------------

1xN002:  ------------------------------------------------------------------------------
         PBA fill limit is applied in inverse mode.
         PBA fill limit is applied on faces filled with at least 95.64% metal material.
         --------------------------------------------------------------
         detailed accuracy settings:
         --------------------------------------------------------------
         augmented fill limit:       true
         augmented fill limit value: 95.64
         automatic fill limit:       true
         early fill limit:           true
         inverse fill limit:         true
         model complexity:           0.00
         legacy 2015:                false
         fixed point accuracy:       false
         minimum point accuracy:     0
         mesh step inheritance:      false
         accuracy mode:
         ------------------------------------------------------------------------------

1xN002:  --------------------------------------
         Glued 0 metal grid points in port area
         --------------------------------------

1xN002:  =================================
         Finished matrix computation (PBA)
         =================================

1xN002:  <<<<<<<<<<<<<<<<<<<<<<<<<<<<<<<<<<<<<<<<<<<<<<<<<<<<<<<<<<<<
         2022 Jan 26 (Wed):  13:33:56
         Resource usage for calculating matrix coefficients per node:
         	Runtime                                27.32 seconds
         	Peak Memory Estimation:                  174 MB
         	Peak Memory Usage:                       109 MB
         <<<<<<<<<<<<<<<<<<<<<<<<<<<<<<<<<<<<<<<<<<<<<<<<<<<<<<<<<<<<



1xN003:  >>>>>>>>>>>>>>>>>>>>>>>>>>>>
         2022 Jan 26 (Wed):  13:33:09
         >>>>>>>>>>>>>>>>>>>>>>>>>>>>

1xN003:  ==========================================================================
          - pinning rule in use   : PINNING_RULE_MCALC_SKIP_ALL
          - desired group         : 0, sockets = 0
          - num cores available   : 4
          - num accessible procs          : 4
          - num logical procs             : 4
          - affinity (main thread)        : 11 11
          - sockets                       : 0
          - potential cores               : 0,1,2,3
          - affinity                      : 1111
          - active cores          : 0,1,2,3
          - hyperthreading        : on
          - skip pinning: + allowed number of sockets = available number of sockets
                          + hyperthreading allowed by solver
         ==========================================================================

1xN003:  Version: 2021.1 Release from 2020-11-10 (change 826605) [Release]
         Started @ 2022 Jan 26 (Wed):  13:33:09
         Workflow: PBA matrix coefficients
         Operation: [fpba, meshfill, bg, port-path, tst, tst-nextgen, coeff, surface-imp, connectivity-tree]
         Architecture: Windows, ID: AMD64
         System Windows-64bit
         Using processor group 0/1
         HEX Mesh information:
         [Global mesh]
         	global O(85 0 0) 	global S(34 64 25) Z(54399)
         [Extended mesh]
         	extended O(84 0 0) 	extended S(35 65 25) Z(56874)
1xN003:  ================================
         Matrix computation (PBA)
         	[PBA version: default]
         Version 2021.1 (build 20201110)
         PBA version 2020111021
         Sub-Workflow: FARM-1xN-TST2-Node
         Workflow updated: -
         2022 Jan 26 (Wed):  13:33:09
         ================================

1xN003:  ---------------------------------------------
         Used point accuracy enhancement value: 0.00%.
         ---------------------------------------------

1xN003:  FARM allocation scheme: BBM
1xN003:  Gap-Detection activated for FARM-topology. Gaps are resolved, even partially.: gap tolerance value is 0.001 and mesh geometry scale is 0.001
1xN003:



1xN003:
1xN003:  Port homogenization method: M2H point index deviation
1xN003:  cccccccccccccccccccccccccccccccccccccccccccccccccccccccccccccccccccc
         FARM/Meshfill cache is set to 8 (local FI domains: 4, dynamic: true)
         cccccccccccccccccccccccccccccccccccccccccccccccccccccccccccccccccccc

1xN003:  =============================================================
         Hex cell analyzer settings:
         	max number of E fields per mesh edge: 2
         	max number of H fields per mesh face: 4
         	supporting dual grid: false
         	performance improvement: ROI limit: true
         	performance improvement: ROI threshold: 2
         	performance improvement: single topology extraction: true
         	performance improvement: pre-categorize cell volume: true
         	periodic align: 0
         	periodic cells: true
         	homogenization version: pid
         =============================================================

1xN003:  ssssssssssssssssssssssssssssssssssssssssss
         # of curls with SI accuracy enhancement: 0
         ssssssssssssssssssssssssssssssssssssssssss

1xN003:  ------------------------------------------------------------------------------
         PBA fill limit is applied in inverse mode.
         PBA fill limit is applied on faces filled with at least 95.64% metal material.
         --------------------------------------------------------------
         detailed accuracy settings:
         --------------------------------------------------------------
         augmented fill limit:       true
         augmented fill limit value: 95.64
         automatic fill limit:       true
         early fill limit:           true
         inverse fill limit:         true
         model complexity:           0.00
         legacy 2015:                false
         fixed point accuracy:       false
         minimum point accuracy:     0
         mesh step inheritance:      false
         accuracy mode:
         ------------------------------------------------------------------------------

1xN003:  =================================
         Finished matrix computation (PBA)
         =================================

1xN003:  <<<<<<<<<<<<<<<<<<<<<<<<<<<<<<<<<<<<<<<<<<<<<<<<<<<<<<<<<<<<
         2022 Jan 26 (Wed):  13:33:28
         Resource usage for calculating matrix coefficients per node:
         	Runtime                                18.66 seconds
         	Peak Memory Estimation:                  114 MB
         	Peak Memory Usage:                        93 MB
         <<<<<<<<<<<<<<<<<<<<<<<<<<<<<<<<<<<<<<<<<<<<<<<<<<<<<<<<<<<<



1xN004:  >>>>>>>>>>>>>>>>>>>>>>>>>>>>
         2022 Jan 26 (Wed):  13:32:47
         >>>>>>>>>>>>>>>>>>>>>>>>>>>>

1xN004:  ==========================================================================
          - pinning rule in use   : PINNING_RULE_MCALC_SKIP_ALL
          - desired group         : 0, sockets = 0
          - num cores available   : 4
          - num accessible procs          : 4
          - num logical procs             : 4
          - affinity (main thread)        : 11 11
          - sockets                       : 0
          - potential cores               : 0,1,2,3
          - affinity                      : 1111
          - active cores          : 0,1,2,3
          - hyperthreading        : on
          - skip pinning: + allowed number of sockets = available number of sockets
                          + hyperthreading allowed by solver
         ==========================================================================

1xN004:  Version: 2021.1 Release from 2020-11-10 (change 826605) [Release]
         Started @ 2022 Jan 26 (Wed):  13:32:47
         Workflow: PBA matrix coefficients
         Operation: [fpba, meshfill, bg, port-path, tst, tst-nextgen, coeff, surface-imp, connectivity-tree]
         Architecture: Windows, ID: AMD64
         System Windows-64bit
         Using processor group 0/1
         HEX Mesh information:
         [Global mesh]
         	global O(0 62 0) 	global S(60 33 25) Z(49499)
         [Extended mesh]
         	extended O(0 61 0) 	extended S(61 35 25) Z(53374)
1xN004:  ================================
         Matrix computation (PBA)
         	[PBA version: default]
         Version 2021.1 (build 20201110)
         PBA version 2020111021
         Sub-Workflow: FARM-1xN-TST2-Node
         Workflow updated: -
         2022 Jan 26 (Wed):  13:32:47
         ================================

1xN004:  ---------------------------------------------
         Used point accuracy enhancement value: 0.00%.
         ---------------------------------------------

1xN004:  FARM allocation scheme: BBM
1xN004:  Gap-Detection activated for FARM-topology. Gaps are resolved, even partially.: gap tolerance value is 0.001 and mesh geometry scale is 0.001
1xN004:



1xN004:
1xN004:  Port homogenization method: M2H point index deviation
1xN004:  cccccccccccccccccccccccccccccccccccccccccccccccccccccccccccccccccccc
         FARM/Meshfill cache is set to 8 (local FI domains: 8, dynamic: true)
         cccccccccccccccccccccccccccccccccccccccccccccccccccccccccccccccccccc

1xN004:  =============================================================
         Hex cell analyzer settings:
         	max number of E fields per mesh edge: 2
         	max number of H fields per mesh face: 4
         	supporting dual grid: false
         	performance improvement: ROI limit: true
         	performance improvement: ROI threshold: 2
         	performance improvement: single topology extraction: true
         	performance improvement: pre-categorize cell volume: true
         	periodic align: 0
         	periodic cells: true
         	homogenization version: pid
         =============================================================

1xN004:  ssssssssssssssssssssssssssssssssssssssssss
         # of curls with SI accuracy enhancement: 0
         ssssssssssssssssssssssssssssssssssssssssss

1xN004:  ------------------------------------------------------------------------------
         PBA fill limit is applied in inverse mode.
         PBA fill limit is applied on faces filled with at least 95.64% metal material.
         --------------------------------------------------------------
         detailed accuracy settings:
         --------------------------------------------------------------
         augmented fill limit:       true
         augmented fill limit value: 95.64
         automatic fill limit:       true
         early fill limit:           true
         inverse fill limit:         true
         model complexity:           0.00
         legacy 2015:                false
         fixed point accuracy:       false
         minimum point accuracy:     0
         mesh step inheritance:      false
         accuracy mode:
         ------------------------------------------------------------------------------

1xN004:  =================================
         Finished matrix computation (PBA)
         =================================

1xN004:  <<<<<<<<<<<<<<<<<<<<<<<<<<<<<<<<<<<<<<<<<<<<<<<<<<<<<<<<<<<<
         2022 Jan 26 (Wed):  13:33:08
         Resource usage for calculating matrix coefficients per node:
         	Runtime                                21.30 seconds
         	Peak Memory Estimation:                  159 MB
         	Peak Memory Usage:                       101 MB
         <<<<<<<<<<<<<<<<<<<<<<<<<<<<<<<<<<<<<<<<<<<<<<<<<<<<<<<<<<<<



1xN005:  >>>>>>>>>>>>>>>>>>>>>>>>>>>>
         2022 Jan 26 (Wed):  13:33:50
         >>>>>>>>>>>>>>>>>>>>>>>>>>>>

1xN005:  ==========================================================================
          - pinning rule in use   : PINNING_RULE_MCALC_SKIP_ALL
          - desired group         : 0, sockets = 0
          - num cores available   : 4
          - num accessible procs          : 4
          - num logical procs             : 4
          - affinity (main thread)        : 11 11
          - sockets                       : 0
          - potential cores               : 0,1,2,3
          - affinity                      : 1111
          - active cores          : 0,1,2,3
          - hyperthreading        : on
          - skip pinning: + allowed number of sockets = available number of sockets
                          + hyperthreading allowed by solver
         ==========================================================================

1xN005:  Version: 2021.1 Release from 2020-11-10 (change 826605) [Release]
         Started @ 2022 Jan 26 (Wed):  13:33:50
         Workflow: PBA matrix coefficients
         Operation: [fpba, meshfill, bg, port-path, tst, tst-nextgen, coeff, surface-imp, connectivity-tree]
         Architecture: Windows, ID: AMD64
         System Windows-64bit
         Using processor group 0/1
         HEX Mesh information:
         [Global mesh]
         	global O(0 93 0) 	global S(60 34 25) Z(50999)
         [Extended mesh]
         	extended O(0 92 0) 	extended S(61 35 25) Z(53374)
1xN005:  ================================
         Matrix computation (PBA)
         	[PBA version: default]
         Version 2021.1 (build 20201110)
         PBA version 2020111021
         Sub-Workflow: FARM-1xN-TST2-Node
         Workflow updated: -
         2022 Jan 26 (Wed):  13:33:50
         ================================

1xN005:  ---------------------------------------------
         Used point accuracy enhancement value: 0.00%.
         ---------------------------------------------

1xN005:  FARM allocation scheme: BBM
1xN005:  Gap-Detection activated for FARM-topology. Gaps are resolved, even partially.: gap tolerance value is 0.001 and mesh geometry scale is 0.001
1xN005:



1xN005:
1xN005:  Port homogenization method: M2H point index deviation
1xN005:  cccccccccccccccccccccccccccccccccccccccccccccccccccccccccccccccccccc
         FARM/Meshfill cache is set to 8 (local FI domains: 4, dynamic: true)
         cccccccccccccccccccccccccccccccccccccccccccccccccccccccccccccccccccc

1xN005:  =============================================================
         Hex cell analyzer settings:
         	max number of E fields per mesh edge: 2
         	max number of H fields per mesh face: 4
         	supporting dual grid: false
         	performance improvement: ROI limit: true
         	performance improvement: ROI threshold: 2
         	performance improvement: single topology extraction: true
         	performance improvement: pre-categorize cell volume: true
         	periodic align: 0
         	periodic cells: true
         	homogenization version: pid
         =============================================================

1xN005:  ssssssssssssssssssssssssssssssssssssssssss
         # of curls with SI accuracy enhancement: 0
         ssssssssssssssssssssssssssssssssssssssssss

1xN005:  ------------------------------------------------------------------------------
         PBA fill limit is applied in inverse mode.
         PBA fill limit is applied on faces filled with at least 95.64% metal material.
         --------------------------------------------------------------
         detailed accuracy settings:
         --------------------------------------------------------------
         augmented fill limit:       true
         augmented fill limit value: 95.64
         automatic fill limit:       true
         early fill limit:           true
         inverse fill limit:         true
         model complexity:           0.00
         legacy 2015:                false
         fixed point accuracy:       false
         minimum point accuracy:     0
         mesh step inheritance:      false
         accuracy mode:
         ------------------------------------------------------------------------------

1xN005:  =================================
         Finished matrix computation (PBA)
         =================================

1xN005:  <<<<<<<<<<<<<<<<<<<<<<<<<<<<<<<<<<<<<<<<<<<<<<<<<<<<<<<<<<<<
         2022 Jan 26 (Wed):  13:34:08
         Resource usage for calculating matrix coefficients per node:
         	Runtime                                18.31 seconds
         	Peak Memory Estimation:                  108 MB
         	Peak Memory Usage:                        87 MB
         <<<<<<<<<<<<<<<<<<<<<<<<<<<<<<<<<<<<<<<<<<<<<<<<<<<<<<<<<<<<



1xN006:  >>>>>>>>>>>>>>>>>>>>>>>>>>>>
         2022 Jan 26 (Wed):  13:33:09
         >>>>>>>>>>>>>>>>>>>>>>>>>>>>

1xN006:  ==========================================================================
          - pinning rule in use   : PINNING_RULE_MCALC_SKIP_ALL
          - desired group         : 0, sockets = 0
          - num cores available   : 4
          - num accessible procs          : 4
          - num logical procs             : 4
          - affinity (main thread)        : 11 11
          - sockets                       : 0
          - potential cores               : 0,1,2,3
          - affinity                      : 1111
          - active cores          : 0,1,2,3
          - hyperthreading        : on
          - skip pinning: + allowed number of sockets = available number of sockets
                          + hyperthreading allowed by solver
         ==========================================================================

1xN006:  Version: 2021.1 Release from 2020-11-10 (change 826605) [Release]
         Started @ 2022 Jan 26 (Wed):  13:33:09
         Workflow: PBA matrix coefficients
         Operation: [fpba, meshfill, bg, port-path, tst, tst-nextgen, coeff, surface-imp, connectivity-tree]
         Architecture: Windows, ID: AMD64
         System Windows-64bit
         Using processor group 0/1
         HEX Mesh information:
         [Global mesh]
         	global O(58 62 0) 	global S(61 33 25) Z(50324)
         [Extended mesh]
         	extended O(57 61 0) 	extended S(62 35 25) Z(54249)
1xN006:  ================================
         Matrix computation (PBA)
         	[PBA version: default]
         Version 2021.1 (build 20201110)
         PBA version 2020111021
         Sub-Workflow: FARM-1xN-TST2-Node
         Workflow updated: -
         2022 Jan 26 (Wed):  13:33:09
         ================================

1xN006:  ---------------------------------------------
         Used point accuracy enhancement value: 0.00%.
         ---------------------------------------------

1xN006:  FARM allocation scheme: BBM
1xN006:  Gap-Detection activated for FARM-topology. Gaps are resolved, even partially.: gap tolerance value is 0.001 and mesh geometry scale is 0.001
1xN006:



1xN006:
1xN006:  Port homogenization method: M2H point index deviation
1xN006:  cccccccccccccccccccccccccccccccccccccccccccccccccccccccccccccccccccc
         FARM/Meshfill cache is set to 8 (local FI domains: 8, dynamic: true)
         cccccccccccccccccccccccccccccccccccccccccccccccccccccccccccccccccccc

1xN006:  =============================================================
         Hex cell analyzer settings:
         	max number of E fields per mesh edge: 2
         	max number of H fields per mesh face: 4
         	supporting dual grid: false
         	performance improvement: ROI limit: true
         	performance improvement: ROI threshold: 2
         	performance improvement: single topology extraction: true
         	performance improvement: pre-categorize cell volume: true
         	periodic align: 0
         	periodic cells: true
         	homogenization version: pid
         =============================================================

1xN006:  ssssssssssssssssssssssssssssssssssssssssss
         # of curls with SI accuracy enhancement: 0
         ssssssssssssssssssssssssssssssssssssssssss

1xN006:  ------------------------------------------------------------------------------
         PBA fill limit is applied in inverse mode.
         PBA fill limit is applied on faces filled with at least 95.64% metal material.
         --------------------------------------------------------------
         detailed accuracy settings:
         --------------------------------------------------------------
         augmented fill limit:       true
         augmented fill limit value: 95.64
         automatic fill limit:       true
         early fill limit:           true
         inverse fill limit:         true
         model complexity:           0.00
         legacy 2015:                false
         fixed point accuracy:       false
         minimum point accuracy:     0
         mesh step inheritance:      false
         accuracy mode:
         ------------------------------------------------------------------------------

1xN006:  =================================
         Finished matrix computation (PBA)
         =================================

1xN006:  <<<<<<<<<<<<<<<<<<<<<<<<<<<<<<<<<<<<<<<<<<<<<<<<<<<<<<<<<<<<
         2022 Jan 26 (Wed):  13:33:31
         Resource usage for calculating matrix coefficients per node:
         	Runtime                                22.32 seconds
         	Peak Memory Estimation:                  160 MB
         	Peak Memory Usage:                       100 MB
         <<<<<<<<<<<<<<<<<<<<<<<<<<<<<<<<<<<<<<<<<<<<<<<<<<<<<<<<<<<<



1xN007:  >>>>>>>>>>>>>>>>>>>>>>>>>>>>
         2022 Jan 26 (Wed):  13:33:31
         >>>>>>>>>>>>>>>>>>>>>>>>>>>>

1xN007:  ==========================================================================
          - pinning rule in use   : PINNING_RULE_MCALC_SKIP_ALL
          - desired group         : 0, sockets = 0
          - num cores available   : 4
          - num accessible procs          : 4
          - num logical procs             : 4
          - affinity (main thread)        : 11 11
          - sockets                       : 0
          - potential cores               : 0,1,2,3
          - affinity                      : 1111
          - active cores          : 0,1,2,3
          - hyperthreading        : on
          - skip pinning: + allowed number of sockets = available number of sockets
                          + hyperthreading allowed by solver
         ==========================================================================

1xN007:  Version: 2021.1 Release from 2020-11-10 (change 826605) [Release]
         Started @ 2022 Jan 26 (Wed):  13:33:31
         Workflow: PBA matrix coefficients
         Operation: [fpba, meshfill, bg, port-path, tst, tst-nextgen, coeff, surface-imp, connectivity-tree]
         Architecture: Windows, ID: AMD64
         System Windows-64bit
         Using processor group 0/1
         HEX Mesh information:
         [Global mesh]
         	global O(58 93 0) 	global S(61 34 25) Z(51849)
         [Extended mesh]
         	extended O(57 92 0) 	extended S(62 35 25) Z(54249)
1xN007:  ================================
         Matrix computation (PBA)
         	[PBA version: default]
         Version 2021.1 (build 20201110)
         PBA version 2020111021
         Sub-Workflow: FARM-1xN-TST2-Node
         Workflow updated: -
         2022 Jan 26 (Wed):  13:33:31
         ================================

1xN007:  ---------------------------------------------
         Used point accuracy enhancement value: 0.00%.
         ---------------------------------------------

1xN007:  FARM allocation scheme: BBM
1xN007:  Gap-Detection activated for FARM-topology. Gaps are resolved, even partially.: gap tolerance value is 0.001 and mesh geometry scale is 0.001
1xN007:



1xN007:
1xN007:  Port homogenization method: M2H point index deviation
1xN007:  cccccccccccccccccccccccccccccccccccccccccccccccccccccccccccccccccccc
         FARM/Meshfill cache is set to 8 (local FI domains: 4, dynamic: true)
         cccccccccccccccccccccccccccccccccccccccccccccccccccccccccccccccccccc

1xN007:  =============================================================
         Hex cell analyzer settings:
         	max number of E fields per mesh edge: 2
         	max number of H fields per mesh face: 4
         	supporting dual grid: false
         	performance improvement: ROI limit: true
         	performance improvement: ROI threshold: 2
         	performance improvement: single topology extraction: true
         	performance improvement: pre-categorize cell volume: true
         	periodic align: 0
         	periodic cells: true
         	homogenization version: pid
         =============================================================

1xN007:  ssssssssssssssssssssssssssssssssssssssssss
         # of curls with SI accuracy enhancement: 0
         ssssssssssssssssssssssssssssssssssssssssss

1xN007:  ------------------------------------------------------------------------------
         PBA fill limit is applied in inverse mode.
         PBA fill limit is applied on faces filled with at least 95.64% metal material.
         --------------------------------------------------------------
         detailed accuracy settings:
         --------------------------------------------------------------
         augmented fill limit:       true
         augmented fill limit value: 95.64
         automatic fill limit:       true
         early fill limit:           true
         inverse fill limit:         true
         model complexity:           0.00
         legacy 2015:                false
         fixed point accuracy:       false
         minimum point accuracy:     0
         mesh step inheritance:      false
         accuracy mode:
         ------------------------------------------------------------------------------

1xN007:  =================================
         Finished matrix computation (PBA)
         =================================

1xN007:  <<<<<<<<<<<<<<<<<<<<<<<<<<<<<<<<<<<<<<<<<<<<<<<<<<<<<<<<<<<<
         2022 Jan 26 (Wed):  13:33:49
         Resource usage for calculating matrix coefficients per node:
         	Runtime                                18.19 seconds
         	Peak Memory Estimation:                  108 MB
         	Peak Memory Usage:                        91 MB
         <<<<<<<<<<<<<<<<<<<<<<<<<<<<<<<<<<<<<<<<<<<<<<<<<<<<<<<<<<<<



-------------------------------------------------------------------------------------------------------------------
AXG prep time: 0 sec
PBAMeshFeedback - InfoMap: 0[ms] - SBCell navigation: 0[ms] - CornerCorrectionLinesAndWires: 0[ms] - Write: 4[ms]
ConnectivityAXG - Load: 9[ms] - Setup: 3[ms] - Convert: 7[ms] ( Groups: 3 - Shapes: 5 - Threads: 2 ) - Write: 4[ms]
-------------------------------------------------------------------------------------------------------------------

--------------------------------
# of staircase filled cells: 0
# of staircase filled areas: 0
# of staircase filled edges: 0
# of faces above fill limit: 0
# of edges with FPBA topology: 0
--------------------------------

